2020-06-19 14:38:33,719 - instabot version: 0.117.0 (bot) - INFO - Instabot version: 0.117.0 Started
2020-06-19 14:38:33,719 - instabot version: 0.117.0 (bot) - DEBUG - Bot imported from /Users/dog/opt/anaconda3/lib/python3.7/site-packages/instabot/bot/bot.py
2020-06-19 14:38:33,720 - instabot version: 0.117.0 (api_login) - INFO - Not yet logged in starting: PRE-LOGIN FLOW!
2020-06-19 14:38:34,514 - instabot version: 0.117.0 (api) - DEBUG - POST to endpoint: accounts/get_prefill_candidates/ returned response: <Response [200]>
2020-06-19 14:38:35,415 - instabot version: 0.117.0 (api) - DEBUG - POST to endpoint: qe/sync/ returned response: <Response [200]>
2020-06-19 14:38:36,171 - instabot version: 0.117.0 (api) - DEBUG - POST to endpoint: launcher/sync/ returned response: <Response [200]>
2020-06-19 14:38:36,614 - instabot version: 0.117.0 (api) - DEBUG - POST to endpoint: accounts/contact_point_prefill/ returned response: <Response [200]>
2020-06-19 14:38:38,133 - instabot version: 0.117.0 (api) - DEBUG - POST to endpoint: accounts/login/ returned response: <Response [200]>
2020-06-19 14:38:38,133 - instabot version: 0.117.0 (api) - INFO - Logged-in successfully as 'Desmond_Yost53810'!
2020-06-19 14:38:38,133 - instabot version: 0.117.0 (api_login) - INFO - LOGIN FLOW! Just logged-in: True
2020-06-19 14:38:38,642 - instabot version: 0.117.0 (api) - DEBUG - POST to endpoint: qe/sync/ returned response: <Response [200]>
2020-06-19 14:38:39,231 - instabot version: 0.117.0 (api) - DEBUG - POST to endpoint: launcher/sync/ returned response: <Response [200]>
2020-06-19 14:38:39,595 - instabot version: 0.117.0 (api) - DEBUG - GET to endpoint: zr/token/result/?device_id=android-f472e635d82fd808&token_hash=&custom_device_id=android-f472e635d82fd808&fetch_reason=token_expired returned response: <Response [200]>
2020-06-19 14:38:40,075 - instabot version: 0.117.0 (api) - DEBUG - GET to endpoint: multiple_accounts/get_account_family/ returned response: <Response [200]>
2020-06-19 14:38:40,508 - instabot version: 0.117.0 (api) - DEBUG - POST to endpoint: qe/sync/ returned response: <Response [200]>
2020-06-19 14:38:41,101 - instabot version: 0.117.0 (api) - DEBUG - GET to endpoint: igtv/browse_feed/?prefetch=1 returned response: <Response [200]>
2020-06-19 14:38:41,612 - instabot version: 0.117.0 (api) - DEBUG - POST to endpoint: creatives/ar_class/ returned response: <Response [200]>
2020-06-19 14:38:42,842 - instabot version: 0.117.0 (api) - DEBUG - POST to endpoint: feed/reels_tray/ returned response: <Response [200]>
2020-06-19 14:38:45,324 - instabot version: 0.117.0 (api) - DEBUG - POST to endpoint: feed/timeline/ returned response: <Response [200]>
2020-06-19 14:38:45,774 - instabot version: 0.117.0 (api) - DEBUG - GET to endpoint: media/blocked/ returned response: <Response [200]>
2020-06-19 14:38:46,427 - instabot version: 0.117.0 (api) - DEBUG - GET to endpoint: news/inbox/ returned response: <Response [200]>
2020-06-19 14:38:46,966 - instabot version: 0.117.0 (api) - DEBUG - GET to endpoint: loom/fetch_config/ returned response: <Response [200]>
2020-06-19 14:38:47,490 - instabot version: 0.117.0 (api) - DEBUG - GET to endpoint: scores/bootstrap/users/?surfaces=["autocomplete_user_list","coefficient_besties_list_ranking","coefficient_rank_recipient_user_suggestion","coefficient_ios_section_test_bootstrap_ranking","coefficient_direct_recipients_ranking_variant_2"] returned response: <Response [200]>
2020-06-19 14:38:47,961 - instabot version: 0.117.0 (api) - DEBUG - GET to endpoint: business/eligibility/get_monetization_products_eligibility_data/?product_types=branded_content returned response: <Response [200]>
2020-06-19 14:38:48,573 - instabot version: 0.117.0 (api) - DEBUG - GET to endpoint: business/branded_content/should_require_professional_account/ returned response: <Response [200]>
2020-06-19 14:38:49,089 - instabot version: 0.117.0 (api) - DEBUG - GET to endpoint: linked_accounts/get_linkage_status/ returned response: <Response [200]>
2020-06-19 14:38:49,483 - instabot version: 0.117.0 (api) - DEBUG - GET to endpoint: locations/request_country/ returned response: <Response [200]>
2020-06-19 14:38:49,905 - instabot version: 0.117.0 (api) - DEBUG - GET to endpoint: qp/get_cooldowns/?signed_body=signed_body=4b9c516a5410a3bc128e09c6104a7f042146b9c2023870560c63a43a7f66781c.4&ig_sig_key_version=4&ig_sig_key_version=4 returned response: <Response [200]>
2020-06-19 14:38:50,320 - instabot version: 0.117.0 (api) - DEBUG - GET to endpoint: users/arlink_download_info/?version_override=2.2.1 returned response: <Response [200]>
2020-06-19 14:38:50,840 - instabot version: 0.117.0 (api) - DEBUG - GET to endpoint: users/37759420706/info/ returned response: <Response [200]>
2020-06-19 14:38:51,205 - instabot version: 0.117.0 (api) - DEBUG - GET to endpoint: direct_v2/get_presence/ returned response: <Response [200]>
2020-06-19 14:38:51,747 - instabot version: 0.117.0 (api) - DEBUG - GET to endpoint: direct_v2/inbox/?visual_message_return_type=unseen&thread_message_limit=10&persistentBadging=true&limit=20 returned response: <Response [200]>
2020-06-19 14:38:52,139 - instabot version: 0.117.0 (api) - DEBUG - GET to endpoint: direct_v2/inbox/?visual_message_return_type=unseen&persistentBadging=true&limit=0 returned response: <Response [200]>
2020-06-19 14:38:54,059 - instabot version: 0.117.0 (api) - DEBUG - GET to endpoint: discover/topical_explore/?is_prefetch=true&omit_cover_media=true&use_sectional_payload=true&timezone_offset=0&session_id=f4ad877b-6168-4efc-b2a0-af66a2037e7b&include_fixed_destinations=true returned response: <Response [200]>
2020-06-19 14:38:54,530 - instabot version: 0.117.0 (api) - DEBUG - POST to endpoint: notifications/badge/ returned response: <Response [200]>
2020-06-19 14:38:55,307 - instabot version: 0.117.0 (api) - DEBUG - POST to endpoint: qp/batch_fetch/ returned response: <Response [200]>
2020-06-19 14:38:55,308 - instabot version: 0.117.0 (bot_checkpoint) - DEBUG - Loading Checkpoint file from: /Users/dog/Desktop/ver2/config/Desmond_Yost53810.checkpoint
2020-06-19 14:39:18,115 - instabot version: 0.117.0 (api) - DEBUG - POST to endpoint: media/configure/? returned response: <Response [200]>
2020-06-19 14:39:18,927 - instabot version: 0.117.0 (api) - DEBUG - POST to endpoint: qe/expose/ returned response: <Response [200]>
2020-06-19 14:39:18,928 - instabot version: 0.117.0 (bot_photo) - INFO - Photo '/Users/dog/desktop/ver2/img/Posts/travel/7.jpeg' is uploaded.
2020-06-19 14:39:41,349 - instabot version: 0.117.0 (api) - DEBUG - POST to endpoint: media/configure/? returned response: <Response [200]>
2020-06-19 14:39:41,753 - instabot version: 0.117.0 (api) - DEBUG - POST to endpoint: qe/expose/ returned response: <Response [200]>
2020-06-19 14:39:41,753 - instabot version: 0.117.0 (bot_photo) - INFO - Photo '/Users/dog/desktop/ver2/img/Posts/black/4.jpeg' is uploaded.
2020-06-19 14:39:54,343 - instabot version: 0.117.0 (bot_checkpoint) - DEBUG - Saving Checkpoint file to: /Users/dog/Desktop/ver2/config/Desmond_Yost53810.checkpoint
2020-06-19 14:39:54,344 - instabot version: 0.117.0 (bot) - INFO - Total requests: 35
