2020-06-14 21:22:14,944 - instabot version: 0.117.0 (bot) - INFO - Instabot version: 0.117.0 Started
2020-06-14 21:22:14,945 - instabot version: 0.117.0 (bot) - DEBUG - Bot imported from /opt/anaconda3/lib/python3.7/site-packages/instabot/bot/bot.py
2020-06-14 21:22:14,950 - instabot version: 0.117.0 (api_login) - DEBUG - Loading cookies
2020-06-14 21:22:14,951 - instabot version: 0.117.0 (api_login) - DEBUG - Loading uuids
2020-06-14 21:22:14,951 - instabot version: 0.117.0 (api_login) - INFO - Recovery from /Users/user/Desktop/python_project/ver2/config/duckmaster123321_uuid_and_cookie.json: COOKIE True - UUIDs True - TIMING, DEVICE and ...
- user-agent=Instagram 117.0.0.28.123 Android (28/9.0; 420dpi; 1080x1920; OnePlus; ONEPLUS A3003; OnePlus3; qcom; en_US; 180322800)
- phone_id=28cd783d-8ad0-4909-9283-6020fc7295f6
- uuid=b72d7d3f-1325-45dd-9df1-b6d8db83549e
- client_session_id=e48a1448-6e76-4ada-81ff-6260d3051eae
- device_id=android-734abc474c33f636
2020-06-14 21:22:14,951 - instabot version: 0.117.0 (api_login) - INFO - LOGIN FLOW! Just logged-in: False
2020-06-14 21:22:15,992 - instabot version: 0.117.0 (api) - DEBUG - POST to endpoint: feed/timeline/ returned response: <Response [200]>
2020-06-14 21:22:16,600 - instabot version: 0.117.0 (api) - DEBUG - POST to endpoint: feed/reels_tray/ returned response: <Response [200]>
2020-06-14 21:22:17,214 - instabot version: 0.117.0 (api) - DEBUG - POST to endpoint: direct_v2/ranked_recipients/ returned response: <Response [200]>
2020-06-14 21:22:17,572 - instabot version: 0.117.0 (api) - DEBUG - POST to endpoint: direct_v2/ranked_recipients/ returned response: <Response [200]>
2020-06-14 21:22:18,342 - instabot version: 0.117.0 (api) - DEBUG - POST to endpoint: direct_v2/inbox/ returned response: <Response [200]>
2020-06-14 21:22:18,853 - instabot version: 0.117.0 (api) - DEBUG - GET to endpoint: direct_v2/get_presence/ returned response: <Response [200]>
2020-06-14 21:22:19,510 - instabot version: 0.117.0 (api) - DEBUG - GET to endpoint: news/inbox/?limited_activity=true&show_su=true returned response: <Response [200]>
2020-06-14 21:22:20,031 - instabot version: 0.117.0 (api) - DEBUG - GET to endpoint: users/profile_notice/ returned response: <Response [200]>
2020-06-14 21:22:21,098 - instabot version: 0.117.0 (api) - DEBUG - POST to endpoint: discover/explore/ returned response: <Response [200]>
2020-06-14 21:22:21,105 - instabot version: 0.117.0 (api) - INFO - Logged-in successfully as 'duckmaster123321'!
2020-06-14 21:22:21,105 - instabot version: 0.117.0 (bot_checkpoint) - DEBUG - Loading Checkpoint file from: /Users/user/Desktop/python_project/ver2/config/duckmaster123321.checkpoint
2020-06-14 21:22:43,125 - instabot version: 0.117.0 (api) - DEBUG - POST to endpoint: media/configure/? returned response: <Response [200]>
2020-06-14 21:22:43,521 - instabot version: 0.117.0 (api) - DEBUG - POST to endpoint: qe/expose/ returned response: <Response [200]>
2020-06-14 21:22:43,523 - instabot version: 0.117.0 (bot_photo) - INFO - Photo '/Users/user/desktop/python_project/ver2/img/Posts/travel/15.jpeg' is uploaded.
2020-06-14 21:22:46,847 - instabot version: 0.117.0 (api_photo) - ERROR - Photo does not have a compatible photo aspect ratio.
2020-06-14 21:22:46,848 - instabot version: 0.117.0 (bot_photo) - INFO - Photo '/Users/user/desktop/python_project/ver2/img/Posts/black/15.jpeg' is not uploaded.
2020-06-14 21:22:46,849 - instabot version: 0.117.0 (bot_checkpoint) - DEBUG - Saving Checkpoint file to: /Users/user/Desktop/python_project/ver2/config/duckmaster123321.checkpoint
2020-06-14 21:22:46,849 - instabot version: 0.117.0 (bot) - INFO - Total requests: 35
